C:\USERS\JFP0005\DOCUMENTS\VISUAL STUDIO 2012\PROJECTS\JPCLIENT\JPCLIENT\DEBUG\JPCLIENT.OBJ
C:\USERS\JFP0005\DOCUMENTS\VISUAL STUDIO 2012\PROJECTS\JPCLIENT\JPCLIENT\DEBUG\MAIN.OBJ
C:\USERS\JFP0005\DOCUMENTS\VISUAL STUDIO 2012\PROJECTS\JPCLIENT\JPCLIENT\DEBUG\VC110.PDB
C:\USERS\JFP0005\DOCUMENTS\VISUAL STUDIO 2012\PROJECTS\JPCLIENT\DEBUG\JPCLIENT.ILK
C:\USERS\JFP0005\DOCUMENTS\VISUAL STUDIO 2012\PROJECTS\JPCLIENT\DEBUG\JPCLIENT.EXE
C:\USERS\JFP0005\DOCUMENTS\VISUAL STUDIO 2012\PROJECTS\JPCLIENT\DEBUG\JPCLIENT.PDB
C:\Users\jfp0005\Documents\Visual Studio 2012\Projects\JPClient\JPClient\Debug\JPClient.obj
C:\Users\jfp0005\Documents\Visual Studio 2012\Projects\JPClient\JPClient\Debug\Main.obj
C:\Users\jfp0005\Documents\Visual Studio 2012\Projects\JPClient\JPClient\Debug\cl.command.1.tlog
C:\Users\jfp0005\Documents\Visual Studio 2012\Projects\JPClient\JPClient\Debug\CL.read.1.tlog
C:\Users\jfp0005\Documents\Visual Studio 2012\Projects\JPClient\JPClient\Debug\CL.write.1.tlog
C:\Users\jfp0005\Documents\Visual Studio 2012\Projects\JPClient\JPClient\Debug\link-cvtres.read.1.tlog
C:\Users\jfp0005\Documents\Visual Studio 2012\Projects\JPClient\JPClient\Debug\link-cvtres.write.1.tlog
C:\Users\jfp0005\Documents\Visual Studio 2012\Projects\JPClient\JPClient\Debug\link-rc.read.1.tlog
C:\Users\jfp0005\Documents\Visual Studio 2012\Projects\JPClient\JPClient\Debug\link-rc.write.1.tlog
C:\Users\jfp0005\Documents\Visual Studio 2012\Projects\JPClient\JPClient\Debug\link.command.1.tlog
C:\Users\jfp0005\Documents\Visual Studio 2012\Projects\JPClient\JPClient\Debug\link.read.1.tlog
C:\Users\jfp0005\Documents\Visual Studio 2012\Projects\JPClient\JPClient\Debug\link.write.1.tlog
C:\Users\jfp0005\Documents\Visual Studio 2012\Projects\JPClient\JPClient\Debug\vc110.idb
C:\Users\jfp0005\Documents\Visual Studio 2012\Projects\JPClient\JPClient\Debug\vc110.pdb
C:\Users\jfp0005\Documents\Visual Studio 2012\Projects\JPClient\Debug\JPClient.pdb
C:\Users\jfp0005\Documents\Visual Studio 2012\Projects\JPClient\Debug\JPClient.exe
C:\Users\jfp0005\Documents\Visual Studio 2012\Projects\JPClient\Debug\JPClient.ilk
