C:\USERS\JFP0005\DOCUMENTS\VISUAL STUDIO 2012\PROJECTS\JPSERVER\JPSERVER\DEBUG\JPSERVER.OBJ
C:\USERS\JFP0005\DOCUMENTS\VISUAL STUDIO 2012\PROJECTS\JPSERVER\JPSERVER\DEBUG\MAIN.OBJ
C:\USERS\JFP0005\DOCUMENTS\VISUAL STUDIO 2012\PROJECTS\JPSERVER\JPSERVER\DEBUG\VC110.PDB
C:\USERS\JFP0005\DOCUMENTS\VISUAL STUDIO 2012\PROJECTS\JPSERVER\DEBUG\JPSERVER.ILK
C:\USERS\JFP0005\DOCUMENTS\VISUAL STUDIO 2012\PROJECTS\JPSERVER\DEBUG\JPSERVER.EXE
C:\USERS\JFP0005\DOCUMENTS\VISUAL STUDIO 2012\PROJECTS\JPSERVER\DEBUG\JPSERVER.PDB
C:\Users\jfp0005\Documents\Visual Studio 2012\Projects\JPServer\JPServer\Debug\JPServer.obj
C:\Users\jfp0005\Documents\Visual Studio 2012\Projects\JPServer\JPServer\Debug\Main.obj
C:\Users\jfp0005\Documents\Visual Studio 2012\Projects\JPServer\JPServer\Debug\cl.command.1.tlog
C:\Users\jfp0005\Documents\Visual Studio 2012\Projects\JPServer\JPServer\Debug\CL.read.1.tlog
C:\Users\jfp0005\Documents\Visual Studio 2012\Projects\JPServer\JPServer\Debug\CL.write.1.tlog
C:\Users\jfp0005\Documents\Visual Studio 2012\Projects\JPServer\JPServer\Debug\link-cvtres.read.1.tlog
C:\Users\jfp0005\Documents\Visual Studio 2012\Projects\JPServer\JPServer\Debug\link-cvtres.write.1.tlog
C:\Users\jfp0005\Documents\Visual Studio 2012\Projects\JPServer\JPServer\Debug\link-rc.read.1.tlog
C:\Users\jfp0005\Documents\Visual Studio 2012\Projects\JPServer\JPServer\Debug\link-rc.write.1.tlog
C:\Users\jfp0005\Documents\Visual Studio 2012\Projects\JPServer\JPServer\Debug\link.command.1.tlog
C:\Users\jfp0005\Documents\Visual Studio 2012\Projects\JPServer\JPServer\Debug\link.read.1.tlog
C:\Users\jfp0005\Documents\Visual Studio 2012\Projects\JPServer\JPServer\Debug\link.write.1.tlog
C:\Users\jfp0005\Documents\Visual Studio 2012\Projects\JPServer\JPServer\Debug\vc110.idb
C:\Users\jfp0005\Documents\Visual Studio 2012\Projects\JPServer\JPServer\Debug\vc110.pdb
C:\Users\jfp0005\Documents\Visual Studio 2012\Projects\JPServer\Debug\JPServer.pdb
C:\Users\jfp0005\Documents\Visual Studio 2012\Projects\JPServer\Debug\JPServer.exe
C:\Users\jfp0005\Documents\Visual Studio 2012\Projects\JPServer\Debug\JPServer.ilk
